[2026-01-07T19:22:24.606Z] --- GET /users REQUEST ---
[2026-01-07T19:22:24.607Z] User Token Payload: {"id":4,"role":"DISTRIBUTOR","name":"shubham","iat":1767813741,"exp":1768418541}
[2026-01-07T19:22:24.608Z] Applying Filter: distributorId=4 (number)
[2026-01-07T19:22:24.609Z] Final Where: {"distributorId":4,"role":"DEALER"}
[2026-01-07T19:22:24.611Z] Found 4 users.
[2026-01-07T19:22:33.218Z] --- GET /users REQUEST ---
[2026-01-07T19:22:33.219Z] User Token Payload: {"id":4,"role":"DISTRIBUTOR","name":"shubham","iat":1767813741,"exp":1768418541}
[2026-01-07T19:22:33.220Z] Applying Filter: distributorId=4 (number)
[2026-01-07T19:22:33.221Z] Final Where: {"distributorId":4,"role":"DEALER"}
[2026-01-07T19:22:33.222Z] Found 4 users.
[2026-01-07T19:22:44.275Z] --- GET /users REQUEST ---
[2026-01-07T19:22:44.275Z] User Token Payload: {"id":4,"role":"DISTRIBUTOR","name":"shubham","iat":1767813741,"exp":1768418541}
[2026-01-07T19:22:44.276Z] Applying Filter: distributorId=4 (number)
[2026-01-07T19:22:44.277Z] Final Where: {"distributorId":4,"role":"DEALER"}
[2026-01-07T19:22:44.279Z] Found 4 users.
[2026-01-07T19:23:18.295Z] --- GET /users REQUEST ---
[2026-01-07T19:23:18.295Z] User Token Payload: {"id":4,"role":"DISTRIBUTOR","name":"shubham","iat":1767813741,"exp":1768418541}
[2026-01-07T19:23:18.296Z] Applying Filter: distributorId=4 (number)
[2026-01-07T19:23:18.297Z] Final Where: {"distributorId":4,"role":"DEALER"}
[2026-01-07T19:23:18.299Z] Found 5 users.
[2026-01-07T19:23:42.233Z] --- GET /users REQUEST ---
[2026-01-07T19:23:42.234Z] User Token Payload: {"id":11,"role":"DISTRIBUTOR","name":"bhaktidevi","iat":1767813818,"exp":1768418618}
[2026-01-07T19:23:42.236Z] Applying Filter: distributorId=11 (number)
[2026-01-07T19:23:42.238Z] Final Where: {"distributorId":11,"role":"DEALER"}
[2026-01-07T19:23:42.243Z] Found 3 users.
[2026-01-07T19:23:46.786Z] --- GET /users REQUEST ---
[2026-01-07T19:23:46.787Z] User Token Payload: {"id":11,"role":"DISTRIBUTOR","name":"bhaktidevi","iat":1767813818,"exp":1768418618}
[2026-01-07T19:23:46.787Z] Applying Filter: distributorId=11 (number)
[2026-01-07T19:23:46.788Z] Final Where: {"distributorId":11,"role":"DEALER"}
[2026-01-07T19:23:46.789Z] Found 3 users.
[2026-01-07T19:25:43.788Z] --- GET /users REQUEST ---
[2026-01-07T19:25:43.788Z] User Token Payload: {"id":4,"role":"DISTRIBUTOR","name":"shubham","iat":1767813941,"exp":1768418741}
[2026-01-07T19:25:43.789Z] Applying Filter: distributorId=4 (number)
[2026-01-07T19:25:43.790Z] Final Where: {"distributorId":4,"role":"DEALER"}
[2026-01-07T19:25:43.792Z] Found 5 users.
[2026-01-07T19:25:46.595Z] --- GET /users REQUEST ---
[2026-01-07T19:25:46.595Z] User Token Payload: {"id":4,"role":"DISTRIBUTOR","name":"shubham","iat":1767813941,"exp":1768418741}
[2026-01-07T19:25:46.596Z] Applying Filter: distributorId=4 (number)
[2026-01-07T19:25:46.596Z] Final Where: {"distributorId":4,"role":"DEALER"}
[2026-01-07T19:25:46.598Z] Found 5 users.
[2026-01-07T19:30:56.334Z] --- GET /users REQUEST ---
[2026-01-07T19:30:56.335Z] User Token Payload: {"id":4,"role":"DISTRIBUTOR","name":"shubham","iat":1767813941,"exp":1768418741}
[2026-01-07T19:30:56.335Z] Applying Filter: distributorId=4 (number)
[2026-01-07T19:30:56.336Z] Final Where: {"distributorId":4,"role":"DEALER"}
[2026-01-07T19:30:56.338Z] Found 5 users.
[2026-01-07T19:32:00.858Z] --- GET /users REQUEST ---
[2026-01-07T19:32:00.859Z] User Token Payload: {"id":1,"role":"MANUFACTURER","name":"Z-on Door Admin","iat":1767814313,"exp":1768419113}
[2026-01-07T19:32:00.860Z] Final Where: {"role":"DISTRIBUTOR"}
[2026-01-07T19:32:00.861Z] Found 3 users.
[2026-01-07T19:32:07.790Z] --- GET /users REQUEST ---
[2026-01-07T19:32:07.791Z] User Token Payload: {"id":1,"role":"MANUFACTURER","name":"Z-on Door Admin","iat":1767814313,"exp":1768419113}
[2026-01-07T19:32:07.792Z] Final Where: {"role":"DEALER"}
[2026-01-07T19:32:07.793Z] --- GET /users REQUEST ---
[2026-01-07T19:32:07.793Z] User Token Payload: {"id":1,"role":"MANUFACTURER","name":"Z-on Door Admin","iat":1767814313,"exp":1768419113}
[2026-01-07T19:32:07.794Z] Final Where: {"role":"DISTRIBUTOR"}
[2026-01-07T19:32:07.796Z] Found 9 users.
[2026-01-07T19:32:07.797Z] Found 3 users.
[2026-01-07T19:32:22.735Z] --- GET /users REQUEST ---
[2026-01-07T19:32:22.735Z] User Token Payload: {"id":1,"role":"MANUFACTURER","name":"Z-on Door Admin","iat":1767814313,"exp":1768419113}
[2026-01-07T19:32:22.736Z] Final Where: {"role":"DISTRIBUTOR"}
[2026-01-07T19:32:22.738Z] Found 3 users.
[2026-01-07T19:42:17.580Z] --- GET /users REQUEST ---
[2026-01-07T19:42:17.581Z] User Token Payload: {"id":1,"role":"MANUFACTURER","name":"Z-on Door Admin","iat":1767814313,"exp":1768419113}
[2026-01-07T19:42:17.581Z] Final Where: {"role":"DISTRIBUTOR"}
[2026-01-07T19:42:17.583Z] Found 3 users.
[2026-01-07T19:42:19.142Z] --- GET /users REQUEST ---
[2026-01-07T19:42:19.143Z] User Token Payload: {"id":1,"role":"MANUFACTURER","name":"Z-on Door Admin","iat":1767814313,"exp":1768419113}
[2026-01-07T19:42:19.144Z] Final Where: {"role":"DISTRIBUTOR"}
[2026-01-07T19:42:19.145Z] --- GET /users REQUEST ---
[2026-01-07T19:42:19.145Z] User Token Payload: {"id":1,"role":"MANUFACTURER","name":"Z-on Door Admin","iat":1767814313,"exp":1768419113}
[2026-01-07T19:42:19.146Z] Final Where: {"role":"DEALER"}
[2026-01-07T19:42:19.148Z] Found 3 users.
[2026-01-07T19:42:19.148Z] Found 9 users.
[2026-01-07T19:42:36.813Z] --- GET /users REQUEST ---
[2026-01-07T19:42:36.813Z] User Token Payload: {"id":1,"role":"MANUFACTURER","name":"Z-on Door Admin","iat":1767814313,"exp":1768419113}
[2026-01-07T19:42:36.814Z] Final Where: {"role":"DISTRIBUTOR"}
[2026-01-07T19:42:36.816Z] Found 3 users.
[2026-01-07T19:42:38.011Z] --- GET /users REQUEST ---
[2026-01-07T19:42:38.012Z] User Token Payload: {"id":1,"role":"MANUFACTURER","name":"Z-on Door Admin","iat":1767814313,"exp":1768419113}
[2026-01-07T19:42:38.012Z] Final Where: {"role":"DISTRIBUTOR"}
[2026-01-07T19:42:38.014Z] --- GET /users REQUEST ---
[2026-01-07T19:42:38.015Z] User Token Payload: {"id":1,"role":"MANUFACTURER","name":"Z-on Door Admin","iat":1767814313,"exp":1768419113}
[2026-01-07T19:42:38.015Z] Final Where: {"role":"DEALER"}
[2026-01-07T19:42:38.017Z] Found 3 users.
[2026-01-07T19:42:38.019Z] Found 9 users.
[2026-01-08T09:57:45.324Z] --- GET /users REQUEST ---
[2026-01-08T09:57:45.417Z] User Token Payload: {"id":1,"role":"MANUFACTURER","name":"Z-on Door Admin","iat":1767814313,"exp":1768419113}
[2026-01-08T09:57:45.418Z] Final Where: {"role":"DISTRIBUTOR"}
[2026-01-08T09:57:45.419Z] Found 3 users.
[2026-01-08T10:25:08.836Z] --- GET /users REQUEST ---
[2026-01-08T10:25:10.487Z] User Token Payload: {"id":1,"role":"MANUFACTURER","name":"Z-on Door Admin","iat":1767814313,"exp":1768419113}
[2026-01-08T10:25:10.487Z] Final Where: {"role":"DISTRIBUTOR"}
[2026-01-08T10:25:10.489Z] Found 3 users.
[2026-01-08T10:25:13.491Z] --- GET /users REQUEST ---
[2026-01-08T10:25:13.492Z] User Token Payload: {"id":1,"role":"MANUFACTURER","name":"Z-on Door Admin","iat":1767814313,"exp":1768419113}
[2026-01-08T10:25:13.492Z] Final Where: {"role":"DISTRIBUTOR"}
[2026-01-08T10:25:13.494Z] --- GET /users REQUEST ---
[2026-01-08T10:25:13.494Z] User Token Payload: {"id":1,"role":"MANUFACTURER","name":"Z-on Door Admin","iat":1767814313,"exp":1768419113}
[2026-01-08T10:25:13.495Z] Final Where: {"role":"DEALER"}
[2026-01-08T10:25:13.497Z] Found 3 users.
[2026-01-08T10:25:13.498Z] Found 9 users.
[2026-01-08T10:25:21.508Z] --- GET /users REQUEST ---
[2026-01-08T10:25:21.509Z] User Token Payload: {"id":1,"role":"MANUFACTURER","name":"Z-on Door Admin","iat":1767814313,"exp":1768419113}
[2026-01-08T10:25:21.510Z] Final Where: {"role":"DEALER"}
[2026-01-08T10:25:21.511Z] --- GET /users REQUEST ---
[2026-01-08T10:25:21.511Z] User Token Payload: {"id":1,"role":"MANUFACTURER","name":"Z-on Door Admin","iat":1767814313,"exp":1768419113}
[2026-01-08T10:25:21.512Z] Final Where: {"role":"DISTRIBUTOR"}
[2026-01-08T10:25:21.514Z] Found 9 users.
[2026-01-08T10:25:21.515Z] Found 3 users.
[2026-01-09T06:32:21.904Z] --- GET /users REQUEST ---
[2026-01-09T06:32:21.999Z] User Token Payload: {"id":1,"role":"MANUFACTURER","name":"Z-on Door Admin","iat":1767940340,"exp":1768545140}
[2026-01-09T06:32:22.000Z] Final Where: {"role":"DISTRIBUTOR"}
[2026-01-09T06:32:22.004Z] Found 3 users.
[2026-01-09T06:32:23.651Z] --- GET /users REQUEST ---
[2026-01-09T06:32:23.652Z] User Token Payload: {"id":1,"role":"MANUFACTURER","name":"Z-on Door Admin","iat":1767940340,"exp":1768545140}
[2026-01-09T06:32:23.653Z] Final Where: {"role":"DISTRIBUTOR"}
[2026-01-09T06:32:23.654Z] --- GET /users REQUEST ---
[2026-01-09T06:32:23.654Z] User Token Payload: {"id":1,"role":"MANUFACTURER","name":"Z-on Door Admin","iat":1767940340,"exp":1768545140}
[2026-01-09T06:32:23.655Z] Final Where: {"role":"DEALER"}
[2026-01-09T06:32:23.657Z] Found 3 users.
[2026-01-09T06:32:23.658Z] Found 9 users.
[2026-01-09T06:32:38.615Z] --- GET /users REQUEST ---
[2026-01-09T06:32:38.616Z] User Token Payload: {"id":1,"role":"MANUFACTURER","name":"Z-on Door Admin","iat":1767940340,"exp":1768545140}
[2026-01-09T06:32:38.617Z] Final Where: {"role":"DISTRIBUTOR"}
[2026-01-09T06:32:38.618Z] Found 3 users.
[2026-01-09T06:32:50.769Z] --- GET /users REQUEST ---
[2026-01-09T06:32:50.769Z] User Token Payload: {"id":1,"role":"MANUFACTURER","name":"Z-on Door Admin","iat":1767940340,"exp":1768545140}
[2026-01-09T06:32:50.770Z] Final Where: {"role":"DEALER"}
[2026-01-09T06:32:50.771Z] --- GET /users REQUEST ---
[2026-01-09T06:32:50.772Z] User Token Payload: {"id":1,"role":"MANUFACTURER","name":"Z-on Door Admin","iat":1767940340,"exp":1768545140}
[2026-01-09T06:32:50.772Z] Final Where: {"role":"DISTRIBUTOR"}
[2026-01-09T06:32:50.774Z] Found 9 users.
[2026-01-09T06:32:50.776Z] Found 3 users.
[2026-01-09T06:33:50.767Z] --- GET /users REQUEST ---
[2026-01-09T06:33:50.768Z] User Token Payload: {"id":1,"role":"MANUFACTURER","name":"Z-on Door Admin","iat":1767940429,"exp":1768545229}
[2026-01-09T06:33:50.769Z] Final Where: {"role":"DISTRIBUTOR"}
[2026-01-09T06:33:50.770Z] Found 3 users.
[2026-01-09T06:33:51.604Z] --- GET /users REQUEST ---
[2026-01-09T06:33:51.604Z] User Token Payload: {"id":1,"role":"MANUFACTURER","name":"Z-on Door Admin","iat":1767940429,"exp":1768545229}
[2026-01-09T06:33:51.605Z] Final Where: {"role":"DISTRIBUTOR"}
[2026-01-09T06:33:51.606Z] --- GET /users REQUEST ---
[2026-01-09T06:33:51.607Z] User Token Payload: {"id":1,"role":"MANUFACTURER","name":"Z-on Door Admin","iat":1767940429,"exp":1768545229}
[2026-01-09T06:33:51.607Z] Final Where: {"role":"DEALER"}
[2026-01-09T06:33:51.609Z] Found 3 users.
[2026-01-09T06:33:51.610Z] Found 9 users.
[2026-01-09T06:34:02.092Z] --- GET /users REQUEST ---
[2026-01-09T06:34:02.093Z] User Token Payload: {"id":4,"role":"DISTRIBUTOR","name":"shubham","iat":1767940438,"exp":1768545238}
[2026-01-09T06:34:02.093Z] Applying Filter: distributorId=4 (number)
[2026-01-09T06:34:02.094Z] Final Where: {"distributorId":4,"role":"DEALER"}
[2026-01-09T06:34:02.096Z] Found 5 users.
[2026-01-09T06:35:58.898Z] --- GET /users REQUEST ---
[2026-01-09T06:35:58.898Z] User Token Payload: {"id":1,"role":"MANUFACTURER","name":"Z-on Door Admin","iat":1767940478,"exp":1768545278}
[2026-01-09T06:35:58.899Z] Final Where: {"role":"DEALER"}
[2026-01-09T06:35:58.901Z] --- GET /users REQUEST ---
[2026-01-09T06:35:58.902Z] User Token Payload: {"id":1,"role":"MANUFACTURER","name":"Z-on Door Admin","iat":1767940478,"exp":1768545278}
[2026-01-09T06:35:58.903Z] Final Where: {"role":"DISTRIBUTOR"}
[2026-01-09T06:35:58.905Z] Found 9 users.
[2026-01-09T06:35:58.907Z] Found 3 users.
[2026-01-09T17:27:04.997Z] --- GET /users REQUEST ---
[2026-01-09T17:27:05.096Z] User Token Payload: {"id":1,"role":"MANUFACTURER","name":"Z-on Door Admin","iat":1767979475,"exp":1768584275}
[2026-01-09T17:27:05.098Z] Final Where: {"role":"DISTRIBUTOR"}
[2026-01-09T17:27:05.116Z] Found 3 users.
[2026-01-09T17:27:06.310Z] --- GET /users REQUEST ---
[2026-01-09T17:27:06.310Z] User Token Payload: {"id":1,"role":"MANUFACTURER","name":"Z-on Door Admin","iat":1767979475,"exp":1768584275}
[2026-01-09T17:27:06.311Z] Final Where: {"role":"DISTRIBUTOR"}
[2026-01-09T17:27:06.312Z] --- GET /users REQUEST ---
[2026-01-09T17:27:06.312Z] User Token Payload: {"id":1,"role":"MANUFACTURER","name":"Z-on Door Admin","iat":1767979475,"exp":1768584275}
[2026-01-09T17:27:06.313Z] Final Where: {"role":"DEALER"}
[2026-01-09T17:27:06.315Z] Found 3 users.
[2026-01-09T17:27:06.317Z] Found 9 users.
[2026-01-09T17:29:55.319Z] --- GET /users REQUEST ---
[2026-01-09T17:29:55.319Z] User Token Payload: {"id":1,"role":"MANUFACTURER","name":"Z-on Door Admin","iat":1767979475,"exp":1768584275}
[2026-01-09T17:29:55.320Z] Final Where: {"role":"DEALER"}
[2026-01-09T17:29:55.321Z] --- GET /users REQUEST ---
[2026-01-09T17:29:55.321Z] User Token Payload: {"id":1,"role":"MANUFACTURER","name":"Z-on Door Admin","iat":1767979475,"exp":1768584275}
[2026-01-09T17:29:55.322Z] Final Where: {"role":"DISTRIBUTOR"}
[2026-01-09T17:29:55.324Z] Found 9 users.
[2026-01-09T17:29:55.325Z] Found 3 users.
[2026-01-09T17:29:59.029Z] --- GET /users REQUEST ---
[2026-01-09T17:29:59.029Z] User Token Payload: {"id":1,"role":"MANUFACTURER","name":"Z-on Door Admin","iat":1767979475,"exp":1768584275}
[2026-01-09T17:29:59.030Z] Final Where: {"role":"DISTRIBUTOR"}
[2026-01-09T17:29:59.031Z] Found 3 users.
[2026-01-27T14:33:51.671Z] --- GET /users REQUEST ---
[2026-01-27T14:33:51.775Z] --- GET /users REQUEST ---
[2026-01-27T14:33:51.792Z] Found 3 users.
[2026-01-27T14:33:51.793Z] Found 9 users.
[2026-01-27T14:33:53.229Z] --- GET /users REQUEST ---
[2026-01-27T14:33:53.234Z] Found 3 users.
[2026-01-27T14:33:59.633Z] --- GET /users REQUEST ---
[2026-01-27T14:33:59.668Z] Found 3 users.
[2026-01-27T15:03:11.129Z] --- GET /users REQUEST ---
[2026-01-27T15:03:11.182Z] Found 3 users.
[2026-01-27T18:21:54.103Z] --- GET /users REQUEST ---
[2026-01-27T18:21:54.166Z] Found 3 users.
[2026-01-27T18:22:07.976Z] --- GET /users REQUEST ---
[2026-01-27T18:22:07.981Z] Found 3 users.
[2026-01-27T18:22:09.589Z] --- GET /users REQUEST ---
[2026-01-27T18:22:09.591Z] --- GET /users REQUEST ---
[2026-01-27T18:22:09.609Z] Found 3 users.
[2026-01-27T18:22:09.610Z] Found 9 users.
[2026-01-27T18:32:49.154Z] --- GET /users REQUEST ---
[2026-01-27T18:32:49.193Z] Found 3 users.
[2026-01-27T18:32:51.344Z] --- GET /users REQUEST ---
[2026-01-27T18:32:51.375Z] Found 3 users.
[2026-01-27T18:32:56.447Z] --- GET /users REQUEST ---
[2026-01-27T18:32:56.478Z] Found 3 users.
[2026-01-27T19:54:22.991Z] --- GET /users REQUEST ---
[2026-01-27T19:54:22.993Z] --- GET /users REQUEST ---
[2026-01-27T19:54:23.012Z] Found 9 users.
[2026-01-27T19:54:23.013Z] Found 3 users.
[2026-01-27T19:55:53.017Z] --- GET /users REQUEST ---
[2026-01-27T19:55:53.054Z] Found 3 users.
[2026-01-27T20:12:46.103Z] --- GET /users REQUEST ---
[2026-01-27T20:12:46.106Z] --- GET /users REQUEST ---
[2026-01-27T20:12:46.124Z] Found 3 users.
[2026-01-27T20:12:46.125Z] Found 9 users.
[2026-02-01T15:42:19.800Z] --- GET /users REQUEST ---
[2026-02-01T15:42:20.148Z] --- GET /users REQUEST ---
[2026-02-01T15:42:20.168Z] Found 9 users.
[2026-02-01T15:42:20.170Z] Found 3 users.
[2026-02-01T15:42:30.782Z] --- GET /users REQUEST ---
[2026-02-01T15:42:30.788Z] Found 3 users.
[2026-02-01T15:42:42.381Z] --- GET /users REQUEST ---
[2026-02-01T15:42:42.385Z] Found 3 users.
[2026-02-01T16:27:54.606Z] --- GET /users REQUEST ---
[2026-02-01T16:27:54.707Z] Found 5 users.
[2026-02-02T16:14:45.733Z] --- GET /users REQUEST ---
[2026-02-02T16:14:45.813Z] Found 3 users.
[2026-02-02T16:15:18.120Z] --- GET /users REQUEST ---
[2026-02-02T16:15:18.128Z] Found 3 users.
[2026-02-02T16:15:24.179Z] --- GET /users REQUEST ---
[2026-02-02T16:15:24.215Z] Found 3 users.
[2026-02-02T16:38:21.783Z] --- GET /users REQUEST ---
[2026-02-02T16:38:21.784Z] ERROR: User is not associated to User!
[2026-02-02T16:38:48.508Z] --- GET /users REQUEST ---
[2026-02-02T16:38:48.509Z] ERROR: User is not associated to User!
[2026-02-02T16:38:57.189Z] --- GET /users REQUEST ---
[2026-02-02T16:38:57.190Z] ERROR: User is not associated to User!
[2026-02-02T16:39:19.344Z] --- GET /users REQUEST ---
[2026-02-02T16:39:19.345Z] ERROR: User is not associated to User!
[2026-02-02T16:46:22.646Z] --- GET /users REQUEST ---
[2026-02-02T16:46:22.647Z] ERROR: User is not associated to User!
[2026-02-02T16:46:29.376Z] --- GET /users REQUEST ---
[2026-02-02T16:46:29.377Z] ERROR: User is not associated to User!
[2026-02-02T16:46:37.642Z] --- GET /users REQUEST ---
[2026-02-02T16:46:37.643Z] ERROR: User is not associated to User!
[2026-02-02T16:49:04.302Z] --- GET /users REQUEST ---
[2026-02-02T16:49:04.336Z] Found 3 users.
[2026-02-02T16:49:18.430Z] --- GET /users REQUEST ---
[2026-02-02T16:49:18.463Z] Found 3 users.
[2026-02-02T16:49:25.443Z] --- GET /users REQUEST ---
[2026-02-02T16:49:25.485Z] Found 3 users.
[2026-02-02T16:51:47.891Z] --- GET /users REQUEST ---
[2026-02-02T16:51:47.926Z] Found 3 users.
[2026-02-02T17:11:41.651Z] --- GET /users REQUEST ---
[2026-02-02T17:11:41.659Z] Found 3 users.
[2026-02-02T17:31:53.459Z] --- GET /users REQUEST ---
[2026-02-02T17:31:53.474Z] Found 9 users.
[2026-02-02T17:31:53.477Z] --- GET /users REQUEST ---
[2026-02-02T17:31:53.482Z] Found 3 users.
[2026-02-02T17:32:38.057Z] --- GET /users REQUEST ---
[2026-02-02T17:32:38.071Z] Found 10 users.
[2026-02-02T17:32:40.096Z] --- GET /users REQUEST ---
[2026-02-02T17:32:40.100Z] Found 3 users.
[2026-02-02T17:33:29.439Z] --- GET /users REQUEST ---
[2026-02-02T17:33:29.449Z] Found 4 users.
[2026-02-02T17:33:33.651Z] --- GET /users REQUEST ---
[2026-02-02T17:33:33.653Z] --- GET /users REQUEST ---
[2026-02-02T17:33:33.677Z] Found 4 users.
[2026-02-02T17:33:33.677Z] Found 10 users.
[2026-02-02T17:33:40.404Z] --- GET /users REQUEST ---
[2026-02-02T17:33:40.419Z] Found 10 users.
[2026-02-02T17:57:38.951Z] --- GET /users REQUEST ---
[2026-02-02T17:57:39.112Z] Found 4 users.
[2026-02-02T17:59:34.153Z] --- GET /users REQUEST ---
[2026-02-02T17:59:34.344Z] Found 4 users.
[2026-02-02T18:20:05.786Z] --- GET /users REQUEST ---
[2026-02-02T18:20:05.949Z] Found 4 users.
